2015-06-21 02:12:58.984 Quran Tools[6010:136148] DiskCookieStorage changing policy from 2 to 0, cookie file: file:///Users/kurtulus/Library/Developer/CoreSimulator/Devices/5C2B4B67-E277-4D89-AF1E-BD00949B519D/data/Containers/Data/Application/36B517C9-EF37-4B09-8FB8-1418D01CF93C/Library/Cookies/Cookies.binarycookies
2015-06-21 02:12:59.130 Quran Tools[6010:136148] Apache Cordova native platform version 3.8.0 is starting.
2015-06-21 02:12:59.130 Quran Tools[6010:136148] Multi-tasking -> Device: YES, App: YES
2015-06-21 02:12:59.135 Quran Tools[6010:136148] Unlimited access to network resources
2015-06-21 02:12:59.140 Quran Tools[6010:136148] 

Started backup to iCloud! Please be careful.
Your application might be rejected by Apple if you store too much data.
For more information please read "iOS Data Storage Guidelines" at:
https://developer.apple.com/icloud/documentation/data-storage/
To disable web storage backup to iCloud, set the BackupWebStorage preference to "local" in the Cordova config.xml file

2015-06-21 02:12:59.889 Quran Tools[6010:136148] Resetting plugins due to page load.
2015-06-21 02:13:00.788 Quran Tools[6010:136148] Finished load of: file:///Users/kurtulus/Library/Developer/CoreSimulator/Devices/5C2B4B67-E277-4D89-AF1E-BD00949B519D/data/Containers/Bundle/Application/D7559BDC-87DD-4C00-8033-9336CA47EA5B/Quran%20Tools.app/www//m/www/index.html#/
2015-06-21 02:13:08.057 Quran Tools[6010:136181] Terminating since there is no system app.
2015-06-21 02:13:29.575 Quran Tools[6373:137370] DiskCookieStorage changing policy from 2 to 0, cookie file: file:///Users/kurtulus/Library/Developer/CoreSimulator/Devices/5C2B4B67-E277-4D89-AF1E-BD00949B519D/data/Containers/Data/Application/5497468C-B4CD-4AD7-8E5C-D4CF7D1497BE/Library/Cookies/Cookies.binarycookies
2015-06-21 02:13:29.749 Quran Tools[6373:137370] Apache Cordova native platform version 3.8.0 is starting.
2015-06-21 02:13:29.750 Quran Tools[6373:137370] Multi-tasking -> Device: YES, App: YES
2015-06-21 02:13:29.754 Quran Tools[6373:137370] Unlimited access to network resources
2015-06-21 02:13:29.759 Quran Tools[6373:137370] 

Started backup to iCloud! Please be careful.
Your application might be rejected by Apple if you store too much data.
For more information please read "iOS Data Storage Guidelines" at:
https://developer.apple.com/icloud/documentation/data-storage/
To disable web storage backup to iCloud, set the BackupWebStorage preference to "local" in the Cordova config.xml file

2015-06-21 02:13:30.012 Quran Tools[6373:137370] Resetting plugins due to page load.
2015-06-21 02:13:31.430 Quran Tools[6373:137370] Finished load of: file:///Users/kurtulus/Library/Developer/CoreSimulator/Devices/5C2B4B67-E277-4D89-AF1E-BD00949B519D/data/Containers/Bundle/Application/2B2F0CF2-3083-4F5B-BDDF-DD2631AE9603/Quran%20Tools.app/www//m/www/index.html#/
2015-06-21 02:14:48.887 Quran Tools[6373:138524] Terminating since there is no system app.
2015-06-21 11:11:10.477 Quran Tools[8671:205827] DiskCookieStorage changing policy from 2 to 0, cookie file: file:///Users/kurtulus/Library/Developer/CoreSimulator/Devices/5C2B4B67-E277-4D89-AF1E-BD00949B519D/data/Containers/Data/Application/CBEB7B74-E3DF-4681-A59A-3BE76148208B/Library/Cookies/Cookies.binarycookies
2015-06-21 11:11:10.904 Quran Tools[8671:205827] Apache Cordova native platform version 3.8.0 is starting.
2015-06-21 11:11:10.906 Quran Tools[8671:205827] Multi-tasking -> Device: YES, App: YES
2015-06-21 11:11:10.933 Quran Tools[8671:205827] Unlimited access to network resources
2015-06-21 11:11:10.949 Quran Tools[8671:205827] 

Started backup to iCloud! Please be careful.
Your application might be rejected by Apple if you store too much data.
For more information please read "iOS Data Storage Guidelines" at:
https://developer.apple.com/icloud/documentation/data-storage/
To disable web storage backup to iCloud, set the BackupWebStorage preference to "local" in the Cordova config.xml file

2015-06-21 11:11:12.108 Quran Tools[8671:205827] Resetting plugins due to page load.
2015-06-21 11:11:13.577 Quran Tools[8671:205827] Finished load of: file:///Users/kurtulus/Library/Developer/CoreSimulator/Devices/5C2B4B67-E277-4D89-AF1E-BD00949B519D/data/Containers/Bundle/Application/B039E4FB-C7A1-4312-B64A-CFCC37F35D71/Quran%20Tools.app/www//m/www/index.html#/
2015-06-21 11:17:54.432 Quran Tools[9240:210383] DiskCookieStorage changing policy from 2 to 0, cookie file: file:///Users/kurtulus/Library/Developer/CoreSimulator/Devices/5C2B4B67-E277-4D89-AF1E-BD00949B519D/data/Containers/Data/Application/423AD7DD-A27F-4EE1-9B47-FF12A09B76B9/Library/Cookies/Cookies.binarycookies
2015-06-21 11:17:54.529 Quran Tools[9240:210383] Apache Cordova native platform version 3.8.0 is starting.
2015-06-21 11:17:54.529 Quran Tools[9240:210383] Multi-tasking -> Device: YES, App: YES
2015-06-21 11:17:54.532 Quran Tools[9240:210383] Unlimited access to network resources
2015-06-21 11:17:54.536 Quran Tools[9240:210383] 

Started backup to iCloud! Please be careful.
Your application might be rejected by Apple if you store too much data.
For more information please read "iOS Data Storage Guidelines" at:
https://developer.apple.com/icloud/documentation/data-storage/
To disable web storage backup to iCloud, set the BackupWebStorage preference to "local" in the Cordova config.xml file

2015-06-21 11:17:54.780 Quran Tools[9240:210383] Resetting plugins due to page load.
2015-06-21 11:17:56.312 Quran Tools[9240:210383] Finished load of: file:///Users/kurtulus/Library/Developer/CoreSimulator/Devices/5C2B4B67-E277-4D89-AF1E-BD00949B519D/data/Containers/Bundle/Application/0DCD9906-A145-403A-AF41-EC05EB754388/Quran%20Tools.app/www//m/www/index.html#/
2015-06-21 11:18:05.049 Quran Tools[9240:210387] Terminating since there is no system app.
2015-06-21 11:18:22.055 Quran Tools[9546:211556] DiskCookieStorage changing policy from 2 to 0, cookie file: file:///Users/kurtulus/Library/Developer/CoreSimulator/Devices/5C2B4B67-E277-4D89-AF1E-BD00949B519D/data/Containers/Data/Application/7B6F893B-8BF3-42CA-B6D3-9621D2304E9B/Library/Cookies/Cookies.binarycookies
2015-06-21 11:18:22.230 Quran Tools[9546:211556] Apache Cordova native platform version 3.8.0 is starting.
2015-06-21 11:18:22.231 Quran Tools[9546:211556] Multi-tasking -> Device: YES, App: YES
2015-06-21 11:18:22.234 Quran Tools[9546:211556] Unlimited access to network resources
2015-06-21 11:18:22.238 Quran Tools[9546:211556] 

Started backup to iCloud! Please be careful.
Your application might be rejected by Apple if you store too much data.
For more information please read "iOS Data Storage Guidelines" at:
https://developer.apple.com/icloud/documentation/data-storage/
To disable web storage backup to iCloud, set the BackupWebStorage preference to "local" in the Cordova config.xml file

2015-06-21 11:18:22.483 Quran Tools[9546:211556] Resetting plugins due to page load.
2015-06-21 11:18:23.741 Quran Tools[9546:211556] Finished load of: file:///Users/kurtulus/Library/Developer/CoreSimulator/Devices/5C2B4B67-E277-4D89-AF1E-BD00949B519D/data/Containers/Bundle/Application/8E96D2CD-0414-4562-A5F3-9BE33397035A/Quran%20Tools.app/www//m/www/index.html#/
2015-06-21 11:23:46.628 Quran Tools[10100:215748] DiskCookieStorage changing policy from 2 to 0, cookie file: file:///Users/kurtulus/Library/Developer/CoreSimulator/Devices/5C2B4B67-E277-4D89-AF1E-BD00949B519D/data/Containers/Data/Application/B3A1D82A-E21F-4268-974F-90F325A69980/Library/Cookies/Cookies.binarycookies
2015-06-21 11:23:46.746 Quran Tools[10100:215748] Apache Cordova native platform version 3.8.0 is starting.
2015-06-21 11:23:46.747 Quran Tools[10100:215748] Multi-tasking -> Device: YES, App: YES
2015-06-21 11:23:46.758 Quran Tools[10100:215748] Unlimited access to network resources
2015-06-21 11:23:46.771 Quran Tools[10100:215748] 

Started backup to iCloud! Please be careful.
Your application might be rejected by Apple if you store too much data.
For more information please read "iOS Data Storage Guidelines" at:
https://developer.apple.com/icloud/documentation/data-storage/
To disable web storage backup to iCloud, set the BackupWebStorage preference to "local" in the Cordova config.xml file

2015-06-21 11:23:47.014 Quran Tools[10100:215748] Resetting plugins due to page load.
2015-06-21 11:23:47.935 Quran Tools[10100:215748] Finished load of: file:///Users/kurtulus/Library/Developer/CoreSimulator/Devices/5C2B4B67-E277-4D89-AF1E-BD00949B519D/data/Containers/Bundle/Application/FC107DF5-EA79-4D25-BD21-7FF5AB8D45F8/Quran%20Tools.app/www//m/www/index.html#/
2015-06-21 11:27:33.293 Quran Tools[10679:218978] DiskCookieStorage changing policy from 2 to 0, cookie file: file:///Users/kurtulus/Library/Developer/CoreSimulator/Devices/5C2B4B67-E277-4D89-AF1E-BD00949B519D/data/Containers/Data/Application/3D3645C0-8D6A-4B5E-8E46-58FBF9137DD4/Library/Cookies/Cookies.binarycookies
2015-06-21 11:27:33.457 Quran Tools[10679:218978] Apache Cordova native platform version 3.8.0 is starting.
2015-06-21 11:27:33.458 Quran Tools[10679:218978] Multi-tasking -> Device: YES, App: YES
2015-06-21 11:27:33.461 Quran Tools[10679:218978] Unlimited access to network resources
2015-06-21 11:27:33.471 Quran Tools[10679:218978] 

Started backup to iCloud! Please be careful.
Your application might be rejected by Apple if you store too much data.
For more information please read "iOS Data Storage Guidelines" at:
https://developer.apple.com/icloud/documentation/data-storage/
To disable web storage backup to iCloud, set the BackupWebStorage preference to "local" in the Cordova config.xml file

2015-06-21 11:27:33.632 Quran Tools[10679:218978] [CDVTimer][statusbar] 32.652974ms
2015-06-21 11:27:33.632 Quran Tools[10679:218978] [CDVTimer][TotalPluginStartup] 32.956958ms
2015-06-21 11:27:33.814 Quran Tools[10679:218978] Resetting plugins due to page load.
2015-06-21 11:27:34.812 Quran Tools[10679:218978] Finished load of: file:///Users/kurtulus/Library/Developer/CoreSimulator/Devices/5C2B4B67-E277-4D89-AF1E-BD00949B519D/data/Containers/Bundle/Application/49E9E7A1-8608-497D-80D2-7C049D15D54D/Quran%20Tools.app/www//m/www/index.html#/
2015-06-21 11:28:23.592 Quran Tools[11204:220345] DiskCookieStorage changing policy from 2 to 0, cookie file: file:///Users/kurtulus/Library/Developer/CoreSimulator/Devices/5C2B4B67-E277-4D89-AF1E-BD00949B519D/data/Containers/Data/Application/2E97FCD0-6A25-44C5-8E2E-1D711753A8EC/Library/Cookies/Cookies.binarycookies
2015-06-21 11:28:23.682 Quran Tools[11204:220345] Apache Cordova native platform version 3.8.0 is starting.
2015-06-21 11:28:23.683 Quran Tools[11204:220345] Multi-tasking -> Device: YES, App: YES
2015-06-21 11:28:23.685 Quran Tools[11204:220345] Unlimited access to network resources
2015-06-21 11:28:23.689 Quran Tools[11204:220345] 

Started backup to iCloud! Please be careful.
Your application might be rejected by Apple if you store too much data.
For more information please read "iOS Data Storage Guidelines" at:
https://developer.apple.com/icloud/documentation/data-storage/
To disable web storage backup to iCloud, set the BackupWebStorage preference to "local" in the Cordova config.xml file

2015-06-21 11:28:23.835 Quran Tools[11204:220345] [CDVTimer][statusbar] 30.110002ms
2015-06-21 11:28:23.835 Quran Tools[11204:220345] [CDVTimer][TotalPluginStartup] 30.427992ms
2015-06-21 11:28:23.963 Quran Tools[11204:220345] Resetting plugins due to page load.
2015-06-21 11:28:24.915 Quran Tools[11204:220345] Finished load of: file:///Users/kurtulus/Library/Developer/CoreSimulator/Devices/5C2B4B67-E277-4D89-AF1E-BD00949B519D/data/Containers/Bundle/Application/4527F557-63D5-4A3A-99AA-43D646A5B5D8/Quran%20Tools.app/www//m/www/index.html#/
2015-06-21 11:28:56.297 Quran Tools[11721:221563] DiskCookieStorage changing policy from 2 to 0, cookie file: file:///Users/kurtulus/Library/Developer/CoreSimulator/Devices/5C2B4B67-E277-4D89-AF1E-BD00949B519D/data/Containers/Data/Application/33A77220-AE41-4E98-B1AE-5497F3A77F72/Library/Cookies/Cookies.binarycookies
2015-06-21 11:28:56.399 Quran Tools[11721:221563] Apache Cordova native platform version 3.8.0 is starting.
2015-06-21 11:28:56.399 Quran Tools[11721:221563] Multi-tasking -> Device: YES, App: YES
2015-06-21 11:28:56.403 Quran Tools[11721:221563] Unlimited access to network resources
2015-06-21 11:28:56.407 Quran Tools[11721:221563] 

Started backup to iCloud! Please be careful.
Your application might be rejected by Apple if you store too much data.
For more information please read "iOS Data Storage Guidelines" at:
https://developer.apple.com/icloud/documentation/data-storage/
To disable web storage backup to iCloud, set the BackupWebStorage preference to "local" in the Cordova config.xml file

2015-06-21 11:28:56.556 Quran Tools[11721:221563] [CDVTimer][statusbar] 30.564010ms
2015-06-21 11:28:56.556 Quran Tools[11721:221563] [CDVTimer][TotalPluginStartup] 30.834019ms
2015-06-21 11:28:56.704 Quran Tools[11721:221563] Resetting plugins due to page load.
2015-06-21 11:28:57.628 Quran Tools[11721:221563] Finished load of: file:///Users/kurtulus/Library/Developer/CoreSimulator/Devices/5C2B4B67-E277-4D89-AF1E-BD00949B519D/data/Containers/Bundle/Application/38199E5C-7E04-4BE2-9EB8-61DE1660EFC7/Quran%20Tools.app/www//m/www/index.html#/
2015-06-21 11:29:36.925 Quran Tools[12240:223081] DiskCookieStorage changing policy from 2 to 0, cookie file: file:///Users/kurtulus/Library/Developer/CoreSimulator/Devices/5C2B4B67-E277-4D89-AF1E-BD00949B519D/data/Containers/Data/Application/37235425-075F-4169-A199-0046ABCEC30C/Library/Cookies/Cookies.binarycookies
2015-06-21 11:29:37.020 Quran Tools[12240:223081] Apache Cordova native platform version 3.8.0 is starting.
2015-06-21 11:29:37.021 Quran Tools[12240:223081] Multi-tasking -> Device: YES, App: YES
2015-06-21 11:29:37.023 Quran Tools[12240:223081] Unlimited access to network resources
2015-06-21 11:29:37.028 Quran Tools[12240:223081] 

Started backup to iCloud! Please be careful.
Your application might be rejected by Apple if you store too much data.
For more information please read "iOS Data Storage Guidelines" at:
https://developer.apple.com/icloud/documentation/data-storage/
To disable web storage backup to iCloud, set the BackupWebStorage preference to "local" in the Cordova config.xml file

2015-06-21 11:29:37.174 Quran Tools[12240:223081] [CDVTimer][statusbar] 29.159963ms
2015-06-21 11:29:37.174 Quran Tools[12240:223081] [CDVTimer][TotalPluginStartup] 29.399991ms
2015-06-21 11:29:37.283 Quran Tools[12240:223081] Resetting plugins due to page load.
2015-06-21 11:29:38.218 Quran Tools[12240:223081] Finished load of: file:///Users/kurtulus/Library/Developer/CoreSimulator/Devices/5C2B4B67-E277-4D89-AF1E-BD00949B519D/data/Containers/Bundle/Application/47F5AD77-CF45-4241-A88A-5085E7088292/Quran%20Tools.app/www//m/www/index.html#/
2015-06-21 11:30:19.639 Quran Tools[12759:224385] DiskCookieStorage changing policy from 2 to 0, cookie file: file:///Users/kurtulus/Library/Developer/CoreSimulator/Devices/5C2B4B67-E277-4D89-AF1E-BD00949B519D/data/Containers/Data/Application/ED50BC1E-878A-488A-AB51-69174F2EF6B2/Library/Cookies/Cookies.binarycookies
2015-06-21 11:30:19.729 Quran Tools[12759:224385] Apache Cordova native platform version 3.8.0 is starting.
2015-06-21 11:30:19.729 Quran Tools[12759:224385] Multi-tasking -> Device: YES, App: YES
2015-06-21 11:30:19.732 Quran Tools[12759:224385] Unlimited access to network resources
2015-06-21 11:30:19.736 Quran Tools[12759:224385] 

Started backup to iCloud! Please be careful.
Your application might be rejected by Apple if you store too much data.
For more information please read "iOS Data Storage Guidelines" at:
https://developer.apple.com/icloud/documentation/data-storage/
To disable web storage backup to iCloud, set the BackupWebStorage preference to "local" in the Cordova config.xml file

2015-06-21 11:30:19.883 Quran Tools[12759:224385] [CDVTimer][statusbar] 24.622023ms
2015-06-21 11:30:19.883 Quran Tools[12759:224385] [CDVTimer][TotalPluginStartup] 24.915993ms
2015-06-21 11:30:20.019 Quran Tools[12759:224385] Resetting plugins due to page load.
2015-06-21 11:30:21.012 Quran Tools[12759:224385] Finished load of: file:///Users/kurtulus/Library/Developer/CoreSimulator/Devices/5C2B4B67-E277-4D89-AF1E-BD00949B519D/data/Containers/Bundle/Application/C3F8ABD4-1C57-4D33-A024-A87DA5FBC376/Quran%20Tools.app/www//m/www/index.html#/
2015-06-21 11:30:29.162 Quran Tools[12759:224385] Resetting plugins due to page load.
2015-06-21 11:30:30.284 Quran Tools[12759:224385] Finished load of: https://m.facebook.com/login.php?skip_api_login=1&api_key=400142910165594&signed_next=1&next=https%3A%2F%2Fm.facebook.com%2Fv2.0%2Fdialog%2Foauth%3Fredirect_uri%3Dhttp%253A%252F%252Flocalhost%253A63342%252Fkurancalis-web%252Fm%252Fwww%252Fcomponents%252Fmobile_auth%252Flogin_callback.html%26scope%3Demail%26response_type%3Dcode%26client_id%3D400142910165594%26ret%3Dlogin&cancel_url=http%3A%2F%2Flocalhost%3A63342%2Fkurancalis-web%2Fm%2Fwww%2Fcomponents%2Fmobile_auth%2Flogin_callback.html%3Ferror%3Daccess_denied%26error_code%3D200%26error_description%3DPermissions%2Berror%26error_reason%3Duser_denied%23_%3D_&display=touch&_rdr
2015-06-21 11:30:42.603 Quran Tools[12759:224385] Resetting plugins due to page load.
2015-06-21 11:30:45.256 Quran Tools[12759:224385] Finished load of: https://m.facebook.com/checkpoint/?next=https%3A%2F%2Fm.facebook.com%2Fv2.0%2Fdialog%2Foauth%3Fredirect_uri%3Dhttp%253A%252F%252Flocalhost%253A63342%252Fkurancalis-web%252Fm%252Fwww%252Fcomponents%252Fmobile_auth%252Flogin_callback.html%26scope%3Demail%26response_type%3Dcode%26client_id%3D400142910165594%26ret%3Dlogin&refid=9&_rdr
2015-06-21 11:30:50.041 Quran Tools[12759:224385] Can't find keyplane that supports type 5 for keyboard iPhone-PortraitChoco-PhonePad; using 3760611571_PortraitChoco_iPhone-Complex-Pad_Default
2015-06-21 11:30:56.498 Quran Tools[12759:224385] Resetting plugins due to page load.
2015-06-21 11:30:57.136 Quran Tools[12759:224385] Finished load of: https://m.facebook.com/login/checkpoint/?next=https%3A%2F%2Fm.facebook.com%2Fv2.0%2Fdialog%2Foauth%3Fredirect_uri%3Dhttp%253A%252F%252Flocalhost%253A63342%252Fkurancalis-web%252Fm%252Fwww%252Fcomponents%252Fmobile_auth%252Flogin_callback.html%26scope%3Demail%26response_type%3Dcode%26client_id%3D400142910165594%26ret%3Dlogin
2015-06-21 11:30:58.664 Quran Tools[12759:224385] Resetting plugins due to page load.
2015-06-21 11:31:06.251 Quran Tools[12759:224385] Finished load of: http://localhost:63342/kurancalis-web/m/www/components/mobile_auth/login_callback.html?code=AQDSElIY-k0PO7GHElns3HMw9TWmDzddI3ExcYRuGYPIYrxTQhvbSbLdNSbStBzDma_eXQerQlfsitcxWvOE9TXn22qwnw5kMtjlVk6pXIGeSUqCtOCIkFon_MhNdOjYREwXSeSCf4tYWdDeoJotDDWBlWwvY0FtnZmaE6LylaJ-3vmLJHd5V-53h8TyZcBp5vt5-6BiR8sfIuAOpj-PdvCmTRZENUVwWHi8LyLtR2uP5jZFiWTPhcUYZm1TDjilSSyvxLWZLhFvoKPNTR1-Ize3FkoEnP_C7NAb59sckdBcJOSi6xRpQ7DiBwqk10Cui5cXi7z-TCP9vqcWPf1amzxa#_=_
2015-06-21 11:31:07.912 Quran Tools[12759:224385] Resetting plugins due to page load.
2015-06-21 11:31:08.797 Quran Tools[12759:224385] Finished load of: http://localhost:63342/kurancalis-web/m/www/#/
2015-06-21 11:31:28.112 Quran Tools[12759:224674] Communications error: <OS_xpc_error: <error: 0x2dcd5f4> { count = 1, contents =
	"XPCErrorDescription" => <string: 0x2dcd83c> { length = 22, contents = "Connection interrupted" }
}>
2015-06-21 11:31:28.182 Quran Tools[12759:224961] Terminating since there is no system app.
2015-06-21 11:33:04.186 Quran Tools[13339:227057] Apache Cordova native platform version 3.8.0 is starting.
2015-06-21 11:33:04.188 Quran Tools[13339:227057] Multi-tasking -> Device: YES, App: YES
2015-06-21 11:33:04.190 Quran Tools[13339:227057] Unlimited access to network resources
2015-06-21 11:33:04.194 Quran Tools[13339:227057] 

Started backup to iCloud! Please be careful.
Your application might be rejected by Apple if you store too much data.
For more information please read "iOS Data Storage Guidelines" at:
https://developer.apple.com/icloud/documentation/data-storage/
To disable web storage backup to iCloud, set the BackupWebStorage preference to "local" in the Cordova config.xml file

2015-06-21 11:33:04.358 Quran Tools[13339:227057] [CDVTimer][statusbar] 32.902002ms
2015-06-21 11:33:04.358 Quran Tools[13339:227057] [CDVTimer][TotalPluginStartup] 33.163011ms
2015-06-21 11:33:04.519 Quran Tools[13339:227057] Resetting plugins due to page load.
2015-06-21 11:33:05.731 Quran Tools[13339:227057] Finished load of: file:///Users/kurtulus/Library/Developer/CoreSimulator/Devices/5C2B4B67-E277-4D89-AF1E-BD00949B519D/data/Containers/Bundle/Application/BE26F4B2-9F27-401A-BB02-210C402777A6/Quran%20Tools.app/www//m/www/index.html#/
2015-06-21 11:34:59.570 Quran Tools[13865:229268] Apache Cordova native platform version 3.8.0 is starting.
2015-06-21 11:34:59.571 Quran Tools[13865:229268] Multi-tasking -> Device: YES, App: YES
2015-06-21 11:34:59.574 Quran Tools[13865:229268] Unlimited access to network resources
2015-06-21 11:34:59.577 Quran Tools[13865:229268] 

Started backup to iCloud! Please be careful.
Your application might be rejected by Apple if you store too much data.
For more information please read "iOS Data Storage Guidelines" at:
https://developer.apple.com/icloud/documentation/data-storage/
To disable web storage backup to iCloud, set the BackupWebStorage preference to "local" in the Cordova config.xml file

2015-06-21 11:34:59.725 Quran Tools[13865:229268] [CDVTimer][statusbar] 24.403989ms
2015-06-21 11:34:59.725 Quran Tools[13865:229268] [CDVTimer][TotalPluginStartup] 24.700999ms
2015-06-21 11:34:59.818 Quran Tools[13865:229268] Resetting plugins due to page load.
2015-06-21 11:35:00.725 Quran Tools[13865:229268] Finished load of: file:///Users/kurtulus/Library/Developer/CoreSimulator/Devices/5C2B4B67-E277-4D89-AF1E-BD00949B519D/data/Containers/Bundle/Application/0ACD29D9-0AE5-4173-81AF-7A92BD4A8286/Quran%20Tools.app/www//m/www/index.html#/
2015-06-21 12:11:41.988 Quran Tools[15481:251413] Apache Cordova native platform version 3.8.0 is starting.
2015-06-21 12:11:41.990 Quran Tools[15481:251413] Multi-tasking -> Device: YES, App: YES
2015-06-21 12:11:41.994 Quran Tools[15481:251413] Unlimited access to network resources
2015-06-21 12:11:41.999 Quran Tools[15481:251413] 

Started backup to iCloud! Please be careful.
Your application might be rejected by Apple if you store too much data.
For more information please read "iOS Data Storage Guidelines" at:
https://developer.apple.com/icloud/documentation/data-storage/
To disable web storage backup to iCloud, set the BackupWebStorage preference to "local" in the Cordova config.xml file

2015-06-21 12:11:42.158 Quran Tools[15481:251413] [CDVTimer][statusbar] 34.555018ms
2015-06-21 12:11:42.158 Quran Tools[15481:251413] [CDVTimer][TotalPluginStartup] 34.869969ms
2015-06-21 12:11:42.353 Quran Tools[15481:251413] Resetting plugins due to page load.
2015-06-21 12:11:43.557 Quran Tools[15481:251413] Finished load of: file:///Users/kurtulus/Library/Developer/CoreSimulator/Devices/5C2B4B67-E277-4D89-AF1E-BD00949B519D/data/Containers/Bundle/Application/9EC73223-DCCF-45AD-9BBF-3169B433C92C/Quran%20Tools.app/www//m/www/index.html#/
2015-06-21 12:11:44.473 Quran Tools[15481:251413] Resetting plugins due to page load.
2015-06-21 12:11:44.862 Quran Tools[15481:251413] Failed to load webpage with error: Could not connect to the server.
2015-06-21 12:11:51.318 Quran Tools[15481:251413] Resetting plugins due to page load.
2015-06-21 12:11:51.451 Quran Tools[15481:251413] Failed to load webpage with error: Could not connect to the server.
2015-06-21 12:20:23.037 Quran Tools[16753:258313] Apache Cordova native platform version 3.8.0 is starting.
2015-06-21 12:20:23.038 Quran Tools[16753:258313] Multi-tasking -> Device: YES, App: YES
2015-06-21 12:20:23.041 Quran Tools[16753:258313] Unlimited access to network resources
2015-06-21 12:20:23.045 Quran Tools[16753:258313] 

Started backup to iCloud! Please be careful.
Your application might be rejected by Apple if you store too much data.
For more information please read "iOS Data Storage Guidelines" at:
https://developer.apple.com/icloud/documentation/data-storage/
To disable web storage backup to iCloud, set the BackupWebStorage preference to "local" in the Cordova config.xml file

2015-06-21 12:20:23.193 Quran Tools[16753:258313] [CDVTimer][statusbar] 24.924994ms
2015-06-21 12:20:23.193 Quran Tools[16753:258313] [CDVTimer][TotalPluginStartup] 25.182962ms
2015-06-21 12:20:23.352 Quran Tools[16753:258313] Resetting plugins due to page load.
2015-06-21 12:20:24.259 Quran Tools[16753:258313] Finished load of: file:///Users/kurtulus/Library/Developer/CoreSimulator/Devices/5C2B4B67-E277-4D89-AF1E-BD00949B519D/data/Containers/Bundle/Application/1A08E43C-4D5C-4985-8246-EBF87CD61AE3/Quran%20Tools.app/www//m/www/index.html#/
2015-06-21 12:20:33.572 Quran Tools[16753:258313] Resetting plugins due to page load.
2015-06-21 12:20:33.884 Quran Tools[16753:258313] Failed to load webpage with error: Could not connect to the server.
2015-06-21 12:21:03.098 Quran Tools[17071:259712] Apache Cordova native platform version 3.8.0 is starting.
2015-06-21 12:21:03.099 Quran Tools[17071:259712] Multi-tasking -> Device: YES, App: YES
2015-06-21 12:21:03.103 Quran Tools[17071:259712] Unlimited access to network resources
2015-06-21 12:21:03.112 Quran Tools[17071:259712] 

Started backup to iCloud! Please be careful.
Your application might be rejected by Apple if you store too much data.
For more information please read "iOS Data Storage Guidelines" at:
https://developer.apple.com/icloud/documentation/data-storage/
To disable web storage backup to iCloud, set the BackupWebStorage preference to "local" in the Cordova config.xml file

2015-06-21 12:21:03.323 Quran Tools[17071:259712] [CDVTimer][statusbar] 40.188015ms
2015-06-21 12:21:03.324 Quran Tools[17071:259712] [CDVTimer][TotalPluginStartup] 41.653991ms
2015-06-21 12:21:03.454 Quran Tools[17071:259712] Resetting plugins due to page load.
2015-06-21 12:21:04.646 Quran Tools[17071:259712] Finished load of: file:///Users/kurtulus/Library/Developer/CoreSimulator/Devices/5C2B4B67-E277-4D89-AF1E-BD00949B519D/data/Containers/Bundle/Application/2B3BF19E-B3FD-4DBD-9A3F-2B19E502F326/Quran%20Tools.app/www//m/www/index.html#/
2015-06-21 12:21:06.577 Quran Tools[17071:259712] Resetting plugins due to page load.
2015-06-21 12:21:06.924 Quran Tools[17071:259712] Failed to load webpage with error: Could not connect to the server.
2015-06-21 12:21:08.738 Quran Tools[17071:259712] Resetting plugins due to page load.
2015-06-21 12:21:08.880 Quran Tools[17071:259712] Failed to load webpage with error: Could not connect to the server.
2015-06-21 12:21:09.450 Quran Tools[17071:259712] Resetting plugins due to page load.
2015-06-21 12:21:09.575 Quran Tools[17071:259712] Failed to load webpage with error: Could not connect to the server.
2015-06-21 12:21:14.741 Quran Tools[17071:259766] Terminating since there is no system app.
2015-06-21 12:27:56.617 Quran Tools[17716:263694] Apache Cordova native platform version 3.8.0 is starting.
2015-06-21 12:27:56.618 Quran Tools[17716:263694] Multi-tasking -> Device: YES, App: YES
2015-06-21 12:27:56.621 Quran Tools[17716:263694] Unlimited access to network resources
2015-06-21 12:27:56.630 Quran Tools[17716:263694] 

Started backup to iCloud! Please be careful.
Your application might be rejected by Apple if you store too much data.
For more information please read "iOS Data Storage Guidelines" at:
https://developer.apple.com/icloud/documentation/data-storage/
To disable web storage backup to iCloud, set the BackupWebStorage preference to "local" in the Cordova config.xml file

2015-06-21 12:27:56.773 Quran Tools[17716:263694] [CDVTimer][statusbar] 22.872031ms
2015-06-21 12:27:56.773 Quran Tools[17716:263694] [CDVTimer][TotalPluginStartup] 23.151994ms
2015-06-21 12:27:56.855 Quran Tools[17716:263694] Resetting plugins due to page load.
2015-06-21 12:27:58.108 Quran Tools[17716:263694] Finished load of: file:///Users/kurtulus/Library/Developer/CoreSimulator/Devices/5C2B4B67-E277-4D89-AF1E-BD00949B519D/data/Containers/Bundle/Application/0992DCBF-4CFE-4A75-A57F-4077C978AC64/Quran%20Tools.app/www//m/www/index.html#/
2015-06-21 12:28:01.010 Quran Tools[17716:263694] Resetting plugins due to page load.
2015-06-21 12:28:01.330 Quran Tools[17716:263694] Failed to load webpage with error: Could not connect to the server.
2015-06-21 12:28:05.718 Quran Tools[17716:263694] Resetting plugins due to page load.
2015-06-21 12:28:05.845 Quran Tools[17716:263694] Failed to load webpage with error: Could not connect to the server.
2015-06-21 12:28:06.391 Quran Tools[17716:263694] Resetting plugins due to page load.
2015-06-21 12:28:06.530 Quran Tools[17716:263694] Failed to load webpage with error: Could not connect to the server.
2015-06-21 12:28:06.939 Quran Tools[17716:263694] Resetting plugins due to page load.
2015-06-21 12:28:07.085 Quran Tools[17716:263694] Failed to load webpage with error: Could not connect to the server.
2015-06-21 13:26:19.166 Quran Tools[19258:298372] DiskCookieStorage changing policy from 2 to 0, cookie file: file:///Users/kurtulus/Library/Developer/CoreSimulator/Devices/5C2B4B67-E277-4D89-AF1E-BD00949B519D/data/Containers/Data/Application/C6407B01-9686-4801-A237-3537BD9FB7E4/Library/Cookies/Cookies.binarycookies
2015-06-21 13:26:19.697 Quran Tools[19258:298372] Apache Cordova native platform version 3.8.0 is starting.
2015-06-21 13:26:19.698 Quran Tools[19258:298372] Multi-tasking -> Device: YES, App: YES
2015-06-21 13:26:19.727 Quran Tools[19258:298372] Unlimited access to network resources
2015-06-21 13:26:19.754 Quran Tools[19258:298372] 

Started backup to iCloud! Please be careful.
Your application might be rejected by Apple if you store too much data.
For more information please read "iOS Data Storage Guidelines" at:
https://developer.apple.com/icloud/documentation/data-storage/
To disable web storage backup to iCloud, set the BackupWebStorage preference to "local" in the Cordova config.xml file

2015-06-21 13:26:20.598 Quran Tools[19258:298372] [CDVTimer][statusbar] 183.515012ms
2015-06-21 13:26:20.599 Quran Tools[19258:298372] [CDVTimer][TotalPluginStartup] 183.772027ms
2015-06-21 13:26:21.395 Quran Tools[19258:298372] Resetting plugins due to page load.
2015-06-21 13:26:23.052 Quran Tools[19258:298372] Finished load of: file:///Users/kurtulus/Library/Developer/CoreSimulator/Devices/5C2B4B67-E277-4D89-AF1E-BD00949B519D/data/Containers/Bundle/Application/5489D8B5-DB6E-4AC1-A1CB-E593E48DB5F7/Quran%20Tools.app/www//m/www/index.html#/
2015-06-21 13:26:26.535 Quran Tools[19258:298372] Resetting plugins due to page load.
2015-06-21 13:26:27.807 Quran Tools[19258:298372] Finished load of: https://m.facebook.com/login.php?skip_api_login=1&api_key=400142910165594&signed_next=1&next=https%3A%2F%2Fm.facebook.com%2Fv2.0%2Fdialog%2Foauth%3Fredirect_uri%3Dhttp%253A%252F%252Flocalhost%253A8000%252Fkurancalis-web%252Fm%252Fwww%252Fcomponents%252Fmobile_auth%252Flogin_callback.html%26scope%3Demail%26response_type%3Dcode%26client_id%3D400142910165594%26ret%3Dlogin&cancel_url=http%3A%2F%2Flocalhost%3A8000%2Fkurancalis-web%2Fm%2Fwww%2Fcomponents%2Fmobile_auth%2Flogin_callback.html%3Ferror%3Daccess_denied%26error_code%3D200%26error_description%3DPermissions%2Berror%26error_reason%3Duser_denied%23_%3D_&display=touch&_rdr
2015-06-21 13:26:39.100 Quran Tools[19258:298372] Resetting plugins due to page load.
2015-06-21 13:26:41.723 Quran Tools[19258:298372] Finished load of: https://m.facebook.com/checkpoint/?next=https%3A%2F%2Fm.facebook.com%2Fv2.0%2Fdialog%2Foauth%3Fredirect_uri%3Dhttp%253A%252F%252Flocalhost%253A8000%252Fkurancalis-web%252Fm%252Fwww%252Fcomponents%252Fmobile_auth%252Flogin_callback.html%26scope%3Demail%26response_type%3Dcode%26client_id%3D400142910165594%26ret%3Dlogin&refid=9&_rdr
2015-06-21 13:26:52.456 Quran Tools[19258:298372] Can't find keyplane that supports type 5 for keyboard iPhone-PortraitChoco-PhonePad; using 3760611571_PortraitChoco_iPhone-Complex-Pad_Default
2015-06-21 13:26:56.561 Quran Tools[19258:298372] Resetting plugins due to page load.
2015-06-21 13:26:57.347 Quran Tools[19258:298372] Finished load of: https://m.facebook.com/login/checkpoint/?next=https%3A%2F%2Fm.facebook.com%2Fv2.0%2Fdialog%2Foauth%3Fredirect_uri%3Dhttp%253A%252F%252Flocalhost%253A8000%252Fkurancalis-web%252Fm%252Fwww%252Fcomponents%252Fmobile_auth%252Flogin_callback.html%26scope%3Demail%26response_type%3Dcode%26client_id%3D400142910165594%26ret%3Dlogin
2015-06-21 13:27:00.201 Quran Tools[19258:298372] Resetting plugins due to page load.
2015-06-21 13:27:03.552 Quran Tools[19258:298372] Failed to load webpage with error: Could not connect to the server.
2015-06-21 13:27:51.771 Quran Tools[19258:298372] Resetting plugins due to page load.
2015-06-21 13:27:55.581 Quran Tools[19258:298372] Finished load of: https://m.facebook.com/home.php
2015-06-21 13:28:31.120 Quran Tools[19542:300041] Apache Cordova native platform version 3.8.0 is starting.
2015-06-21 13:28:31.121 Quran Tools[19542:300041] Multi-tasking -> Device: YES, App: YES
2015-06-21 13:28:31.124 Quran Tools[19542:300041] Unlimited access to network resources
2015-06-21 13:28:31.129 Quran Tools[19542:300041] 

Started backup to iCloud! Please be careful.
Your application might be rejected by Apple if you store too much data.
For more information please read "iOS Data Storage Guidelines" at:
https://developer.apple.com/icloud/documentation/data-storage/
To disable web storage backup to iCloud, set the BackupWebStorage preference to "local" in the Cordova config.xml file

2015-06-21 13:28:31.303 Quran Tools[19542:300041] [CDVTimer][statusbar] 45.336008ms
2015-06-21 13:28:31.303 Quran Tools[19542:300041] [CDVTimer][TotalPluginStartup] 45.611024ms
2015-06-21 13:28:31.419 Quran Tools[19542:300041] Resetting plugins due to page load.
2015-06-21 13:28:32.914 Quran Tools[19542:300041] Finished load of: file:///Users/kurtulus/Library/Developer/CoreSimulator/Devices/5C2B4B67-E277-4D89-AF1E-BD00949B519D/data/Containers/Bundle/Application/1EE71DAA-A2C2-4538-9B4A-6E3834EFDC2C/Quran%20Tools.app/www//m/www/index.html#/
2015-06-21 13:28:36.995 Quran Tools[19542:300041] Resetting plugins due to page load.
2015-06-21 13:28:37.390 Quran Tools[19542:300041] Failed to load webpage with error: Could not connect to the server.
2015-06-21 13:28:45.840 Quran Tools[19542:300041] Resetting plugins due to page load.
2015-06-21 13:28:45.980 Quran Tools[19542:300041] Failed to load webpage with error: Could not connect to the server.
2015-06-21 13:28:48.771 Quran Tools[19542:300041] Resetting plugins due to page load.
2015-06-21 13:28:48.939 Quran Tools[19542:300041] Failed to load webpage with error: Could not connect to the server.
2015-06-21 13:28:51.316 Quran Tools[19542:300041] Resetting plugins due to page load.
2015-06-21 13:28:51.478 Quran Tools[19542:300041] Failed to load webpage with error: Could not connect to the server.
2015-06-21 13:28:52.030 Quran Tools[19542:300041] Resetting plugins due to page load.
2015-06-21 13:28:52.215 Quran Tools[19542:300041] Failed to load webpage with error: Could not connect to the server.
2015-06-21 13:28:52.757 Quran Tools[19542:300041] Resetting plugins due to page load.
2015-06-21 13:28:52.895 Quran Tools[19542:300041] Failed to load webpage with error: Could not connect to the server.
2015-06-21 13:29:07.913 Quran Tools[19542:300041] Resetting plugins due to page load.
2015-06-21 13:29:08.072 Quran Tools[19542:300041] Failed to load webpage with error: Could not connect to the server.
2015-06-21 13:29:08.524 Quran Tools[19542:300041] Resetting plugins due to page load.
2015-06-21 13:29:08.678 Quran Tools[19542:300041] Failed to load webpage with error: Could not connect to the server.
2015-06-21 13:29:09.021 Quran Tools[19542:300041] Resetting plugins due to page load.
2015-06-21 13:29:09.164 Quran Tools[19542:300041] Failed to load webpage with error: Could not connect to the server.
2015-06-21 13:29:09.273 Quran Tools[19542:300041] Resetting plugins due to page load.
2015-06-21 13:29:09.441 Quran Tools[19542:300041] Failed to load webpage with error: Could not connect to the server.
2015-06-21 13:29:09.502 Quran Tools[19542:300041] Resetting plugins due to page load.
2015-06-21 13:29:09.639 Quran Tools[19542:300041] Failed to load webpage with error: Could not connect to the server.
2015-06-21 13:29:09.762 Quran Tools[19542:300041] Resetting plugins due to page load.
2015-06-21 13:29:09.938 Quran Tools[19542:300041] Failed to load webpage with error: Could not connect to the server.
2015-06-21 13:29:09.955 Quran Tools[19542:300041] Resetting plugins due to page load.
2015-06-21 13:29:10.096 Quran Tools[19542:300041] Failed to load webpage with error: Could not connect to the server.
2015-06-21 13:29:15.895 Quran Tools[19542:300041] Resetting plugins due to page load.
2015-06-21 13:29:16.051 Quran Tools[19542:300041] Failed to load webpage with error: Could not connect to the server.
2015-06-21 13:29:16.472 Quran Tools[19542:300041] Resetting plugins due to page load.
2015-06-21 13:29:16.613 Quran Tools[19542:300041] Failed to load webpage with error: Could not connect to the server.
2015-06-21 13:29:16.760 Quran Tools[19542:300041] Resetting plugins due to page load.
2015-06-21 13:29:16.992 Quran Tools[19542:300041] Failed to load webpage with error: The operation couldn’t be completed. (NSURLErrorDomain error -999.)
2015-06-21 13:29:16.993 Quran Tools[19542:300041] Resetting plugins due to page load.
2015-06-21 13:29:17.152 Quran Tools[19542:300041] Failed to load webpage with error: Could not connect to the server.
2015-06-21 13:29:17.206 Quran Tools[19542:300041] Resetting plugins due to page load.
2015-06-21 13:29:17.365 Quran Tools[19542:300041] Failed to load webpage with error: Could not connect to the server.
2015-06-21 13:29:17.442 Quran Tools[19542:300041] Resetting plugins due to page load.
2015-06-21 13:29:17.582 Quran Tools[19542:300041] Failed to load webpage with error: Could not connect to the server.
2015-06-21 13:29:17.672 Quran Tools[19542:300041] Resetting plugins due to page load.
2015-06-21 13:29:17.820 Quran Tools[19542:300041] Failed to load webpage with error: Could not connect to the server.
2015-06-21 13:29:17.912 Quran Tools[19542:300041] Resetting plugins due to page load.
2015-06-21 13:29:18.050 Quran Tools[19542:300041] Failed to load webpage with error: Could not connect to the server.
2015-06-21 13:29:18.137 Quran Tools[19542:300041] Resetting plugins due to page load.
2015-06-21 13:29:18.327 Quran Tools[19542:300041] Failed to load webpage with error: Could not connect to the server.
2015-06-21 13:29:18.369 Quran Tools[19542:300041] Resetting plugins due to page load.
2015-06-21 13:29:18.507 Quran Tools[19542:300041] Failed to load webpage with error: Could not connect to the server.
2015-06-21 13:29:18.598 Quran Tools[19542:300041] Resetting plugins due to page load.
2015-06-21 13:29:18.755 Quran Tools[19542:300041] Failed to load webpage with error: Could not connect to the server.
2015-06-21 13:29:18.832 Quran Tools[19542:300041] Resetting plugins due to page load.
2015-06-21 13:29:18.989 Quran Tools[19542:300041] Failed to load webpage with error: Could not connect to the server.
2015-06-21 13:29:19.067 Quran Tools[19542:300041] Resetting plugins due to page load.
2015-06-21 13:29:19.329 Quran Tools[19542:300041] Failed to load webpage with error: The operation couldn’t be completed. (NSURLErrorDomain error -999.)
2015-06-21 13:29:19.329 Quran Tools[19542:300041] Resetting plugins due to page load.
2015-06-21 13:29:19.493 Quran Tools[19542:300041] Failed to load webpage with error: Could not connect to the server.
2015-06-21 13:29:19.640 Quran Tools[19542:300041] Resetting plugins due to page load.
2015-06-21 13:29:19.779 Quran Tools[19542:300041] Failed to load webpage with error: Could not connect to the server.
2015-06-21 13:29:20.112 Quran Tools[19542:300041] Resetting plugins due to page load.
2015-06-21 13:29:20.248 Quran Tools[19542:300041] Failed to load webpage with error: Could not connect to the server.
2015-06-21 13:29:20.595 Quran Tools[19542:300041] Resetting plugins due to page load.
2015-06-21 13:29:20.762 Quran Tools[19542:300041] Failed to load webpage with error: Could not connect to the server.
2015-06-21 13:29:21.124 Quran Tools[19542:300041] Resetting plugins due to page load.
2015-06-21 13:29:21.298 Quran Tools[19542:300041] Failed to load webpage with error: Could not connect to the server.
2015-06-21 13:34:08.667 Quran Tools[19542:300041] Resetting plugins due to page load.
2015-06-21 13:34:09.689 Quran Tools[19542:300041] Finished load of: https://m.facebook.com/dialog/oauth?client_id=400142910165594&response_type=code&redirect_uri=http%3A%2F%2Flocalhost%3A8000%2Fkurancalis-web%2Fm%2Fwww%2Fcomponents%2Fmobile_auth%2Flogin_callback.html&scope=email
2015-06-21 13:34:13.901 Quran Tools[19542:300041] Resetting plugins due to page load.
2015-06-21 13:34:15.658 Quran Tools[19542:300041] Finished load of: https://m.facebook.com/v2.0/dialog/oauth/read
2015-06-21 13:34:15.660 Quran Tools[19542:300041] Resetting plugins due to page load.
2015-06-21 13:34:15.679 Quran Tools[19542:300041] Failed to load webpage with error: Could not connect to the server.
2015-06-21 15:28:44.957 Quran Tools[23407:358722] Apache Cordova native platform version 3.8.0 is starting.
2015-06-21 15:28:44.958 Quran Tools[23407:358722] Multi-tasking -> Device: YES, App: YES
2015-06-21 15:28:44.964 Quran Tools[23407:358722] Unlimited access to network resources
2015-06-21 15:28:44.970 Quran Tools[23407:358722] 

Started backup to iCloud! Please be careful.
Your application might be rejected by Apple if you store too much data.
For more information please read "iOS Data Storage Guidelines" at:
https://developer.apple.com/icloud/documentation/data-storage/
To disable web storage backup to iCloud, set the BackupWebStorage preference to "local" in the Cordova config.xml file

2015-06-21 15:28:45.175 Quran Tools[23407:358722] [CDVTimer][statusbar] 56.887031ms
2015-06-21 15:28:45.175 Quran Tools[23407:358722] [CDVTimer][TotalPluginStartup] 57.181954ms
2015-06-21 15:28:45.390 Quran Tools[23407:358722] Resetting plugins due to page load.
2015-06-21 15:28:46.551 Quran Tools[23407:358722] Finished load of: file:///Users/kurtulus/Library/Developer/CoreSimulator/Devices/5C2B4B67-E277-4D89-AF1E-BD00949B519D/data/Containers/Bundle/Application/022728D0-0E6F-4AE1-AE2D-A636A95E4651/Quran%20Tools.app/www//m/www/index.html#/
2015-06-21 15:28:50.533 Quran Tools[23407:358722] Resetting plugins due to page load.
2015-06-21 15:28:50.544 Quran Tools[23407:358722] Failed to load webpage with error: The operation couldn’t be completed. (NSURLErrorDomain error -999.)
2015-06-21 15:28:50.544 Quran Tools[23407:358722] Resetting plugins due to page load.
2015-06-21 15:28:51.137 Quran Tools[23407:358722] Finished load of: https://m.facebook.com/v2.0/dialog/oauth?app_id=400142910165594&client_id=400142910165594&display=touch&domain=&e2e=%7B%7D&locale=en_US&origin=2&redirect_uri=http%3A%2F%2Fstatic.ak.facebook.com%2Fconnect%2Fxd_arbiter%2F1ldYU13brY_.js%3Fversion%3D41%23cb%3Df259e1ddd%26domain%3D%26origin%3Dfile%253A%252F%252F%252Ff3bcd9615c%26relation%3Dopener%26frame%3Df1e13117a4&response_type=token%2Csigned_request&scope=email&sdk=joey&version=v2.0
2015-06-21 15:30:23.812 Quran Tools[24019:360972] Apache Cordova native platform version 3.8.0 is starting.
2015-06-21 15:30:23.813 Quran Tools[24019:360972] Multi-tasking -> Device: YES, App: YES
2015-06-21 15:30:23.816 Quran Tools[24019:360972] Unlimited access to network resources
2015-06-21 15:30:23.824 Quran Tools[24019:360972] 

Started backup to iCloud! Please be careful.
Your application might be rejected by Apple if you store too much data.
For more information please read "iOS Data Storage Guidelines" at:
https://developer.apple.com/icloud/documentation/data-storage/
To disable web storage backup to iCloud, set the BackupWebStorage preference to "local" in the Cordova config.xml file

2015-06-21 15:30:24.166 Quran Tools[24019:360972] [CDVTimer][statusbar] 195.014000ms
2015-06-21 15:30:24.167 Quran Tools[24019:360972] [CDVTimer][TotalPluginStartup] 195.555985ms
2015-06-21 15:30:24.326 Quran Tools[24019:360972] Resetting plugins due to page load.
2015-06-21 15:30:25.802 Quran Tools[24019:360972] Finished load of: file:///Users/kurtulus/Library/Developer/CoreSimulator/Devices/5C2B4B67-E277-4D89-AF1E-BD00949B519D/data/Containers/Bundle/Application/78AABC1D-195C-490E-B344-A48D3DCB4937/Quran%20Tools.app/www//m/www/index.html#/
2015-06-21 15:31:02.641 Quran Tools[24019:360972] Resetting plugins due to page load.
2015-06-21 15:31:02.648 Quran Tools[24019:360972] Failed to load webpage with error: The operation couldn’t be completed. (NSURLErrorDomain error -999.)
2015-06-21 15:31:02.649 Quran Tools[24019:360972] Resetting plugins due to page load.
2015-06-21 15:31:03.241 Quran Tools[24019:360972] Finished load of: https://m.facebook.com/v2.0/dialog/oauth?app_id=400142910165594&client_id=400142910165594&display=touch&domain=&e2e=%7B%7D&locale=en_US&origin=2&redirect_uri=http%3A%2F%2Fstatic.ak.facebook.com%2Fconnect%2Fxd_arbiter%2F1ldYU13brY_.js%3Fversion%3D41%23cb%3Df28d26e49c%26domain%3D%26origin%3Dfile%253A%252F%252F%252Ff311c9633%26relation%3Dopener%26frame%3Df1558c2f2c&response_type=token%2Csigned_request&scope=email&sdk=joey&version=v2.0
2015-06-21 16:03:35.019 Quran Tools[26446:381835] Apache Cordova native platform version 3.8.0 is starting.
2015-06-21 16:03:35.021 Quran Tools[26446:381835] Multi-tasking -> Device: YES, App: YES
2015-06-21 16:03:35.026 Quran Tools[26446:381835] Unlimited access to network resources
2015-06-21 16:03:35.030 Quran Tools[26446:381835] 

Started backup to iCloud! Please be careful.
Your application might be rejected by Apple if you store too much data.
For more information please read "iOS Data Storage Guidelines" at:
https://developer.apple.com/icloud/documentation/data-storage/
To disable web storage backup to iCloud, set the BackupWebStorage preference to "local" in the Cordova config.xml file

2015-06-21 16:03:35.172 Quran Tools[26446:381835] [CDVTimer][statusbar] 20.749986ms
2015-06-21 16:03:35.172 Quran Tools[26446:381835] [CDVTimer][TotalPluginStartup] 21.002054ms
2015-06-21 16:03:35.332 Quran Tools[26446:381835] Resetting plugins due to page load.
2015-06-21 16:03:36.606 Quran Tools[26446:381835] Finished load of: file:///Users/kurtulus/Library/Developer/CoreSimulator/Devices/5C2B4B67-E277-4D89-AF1E-BD00949B519D/data/Containers/Bundle/Application/23307441-20F9-4835-B18F-33ADC076EF71/Quran%20Tools.app/www//m/www/index.html#/
2015-06-21 16:03:40.200 Quran Tools[26446:381835] Resetting plugins due to page load.
2015-06-21 16:03:40.210 Quran Tools[26446:381835] Failed to load webpage with error: The operation couldn’t be completed. (NSURLErrorDomain error -999.)
2015-06-21 16:03:40.211 Quran Tools[26446:381835] Resetting plugins due to page load.
2015-06-21 16:03:40.742 Quran Tools[26446:381835] Finished load of: https://m.facebook.com/v2.0/dialog/oauth?app_id=400142910165594&client_id=400142910165594&display=touch&domain=&e2e=%7B%7D&locale=en_US&origin=2&redirect_uri=http%3A%2F%2Fstatic.ak.facebook.com%2Fconnect%2Fxd_arbiter%2F1ldYU13brY_.js%3Fversion%3D41%23cb%3Df29e7ec11c%26domain%3D%26origin%3Dfile%253A%252F%252F%252Ff216e44e3%26relation%3Dopener%26frame%3Df31d630f8c&response_type=token%2Csigned_request&scope=email&sdk=joey&version=v2.0
2015-06-21 16:03:51.949 Quran Tools[26446:382210] Terminating since there is no system app.
2015-06-21 16:12:34.301 Quran Tools[27509:389082] Apache Cordova native platform version 3.8.0 is starting.
2015-06-21 16:12:34.303 Quran Tools[27509:389082] Multi-tasking -> Device: YES, App: YES
2015-06-21 16:12:34.306 Quran Tools[27509:389082] Unlimited access to network resources
2015-06-21 16:12:34.310 Quran Tools[27509:389082] 

Started backup to iCloud! Please be careful.
Your application might be rejected by Apple if you store too much data.
For more information please read "iOS Data Storage Guidelines" at:
https://developer.apple.com/icloud/documentation/data-storage/
To disable web storage backup to iCloud, set the BackupWebStorage preference to "local" in the Cordova config.xml file

2015-06-21 16:12:34.517 Quran Tools[27509:389082] [CDVTimer][statusbar] 47.236979ms
2015-06-21 16:12:34.517 Quran Tools[27509:389082] [CDVTimer][TotalPluginStartup] 47.492027ms
2015-06-21 16:12:34.667 Quran Tools[27509:389082] Resetting plugins due to page load.
2015-06-21 16:12:35.817 Quran Tools[27509:389082] Finished load of: file:///Users/kurtulus/Library/Developer/CoreSimulator/Devices/5C2B4B67-E277-4D89-AF1E-BD00949B519D/data/Containers/Bundle/Application/E5E6E6F0-EA30-4A38-A287-842D5C857460/Quran%20Tools.app/www//m/www/index.html#/
2015-06-21 16:12:39.863 Quran Tools[27509:389082] Resetting plugins due to page load.
2015-06-21 16:12:39.870 Quran Tools[27509:389082] Failed to load webpage with error: The operation couldn’t be completed. (NSURLErrorDomain error -999.)
2015-06-21 16:12:39.870 Quran Tools[27509:389082] Resetting plugins due to page load.
2015-06-21 16:12:40.386 Quran Tools[27509:389082] Finished load of: https://m.facebook.com/v2.0/dialog/oauth?app_id=400142910165594&client_id=400142910165594&display=touch&domain=&e2e=%7B%7D&locale=en_US&origin=2&redirect_uri=http%3A%2F%2Fstatic.ak.facebook.com%2Fconnect%2Fxd_arbiter%2F1ldYU13brY_.js%3Fversion%3D41%23cb%3Df21d9198c%26domain%3D%26origin%3Dfile%253A%252F%252F%252Ff3a65b91b4%26relation%3Dopener%26frame%3Df1124a7fc&response_type=token%2Csigned_request&scope=email&sdk=joey&version=v2.0
2015-06-21 19:03:32.886 Quran Tools[48904:519725] Apache Cordova native platform version 3.8.0 is starting.
2015-06-21 19:03:32.892 Quran Tools[48904:519725] Multi-tasking -> Device: YES, App: YES
2015-06-21 19:03:32.929 Quran Tools[48904:519725] Unlimited access to network resources
2015-06-21 19:03:32.941 Quran Tools[48904:519725] 

Started backup to iCloud! Please be careful.
Your application might be rejected by Apple if you store too much data.
For more information please read "iOS Data Storage Guidelines" at:
https://developer.apple.com/icloud/documentation/data-storage/
To disable web storage backup to iCloud, set the BackupWebStorage preference to "local" in the Cordova config.xml file

2015-06-21 19:03:33.867 Quran Tools[48904:519725] [CDVTimer][statusbar] 164.162993ms
2015-06-21 19:03:33.867 Quran Tools[48904:519725] [CDVTimer][TotalPluginStartup] 164.448977ms
2015-06-21 19:03:34.159 Quran Tools[48904:519725] Resetting plugins due to page load.
2015-06-21 19:03:34.647 Quran Tools[48904:519725] Finished load of: file:///Users/kurtulus/Library/Developer/CoreSimulator/Devices/5C2B4B67-E277-4D89-AF1E-BD00949B519D/data/Containers/Bundle/Application/FBF198DE-6CC4-46F9-A0B2-EFB3D46806F9/Quran%20Tools.app/www/index.html
2015-06-21 19:03:34.657 Quran Tools[48904:519725] Resetting plugins due to page load.
2015-06-21 19:03:36.048 Quran Tools[48904:519725] Finished load of: file:///Users/kurtulus/Library/Developer/CoreSimulator/Devices/5C2B4B67-E277-4D89-AF1E-BD00949B519D/data/Containers/Bundle/Application/FBF198DE-6CC4-46F9-A0B2-EFB3D46806F9/Quran%20Tools.app/www/m/www/index.html#/
2015-06-21 19:08:17.297 Quran Tools[49515:523244] Apache Cordova native platform version 3.8.0 is starting.
2015-06-21 19:08:17.298 Quran Tools[49515:523244] Multi-tasking -> Device: YES, App: YES
2015-06-21 19:08:17.301 Quran Tools[49515:523244] Unlimited access to network resources
2015-06-21 19:08:17.308 Quran Tools[49515:523244] 

Started backup to iCloud! Please be careful.
Your application might be rejected by Apple if you store too much data.
For more information please read "iOS Data Storage Guidelines" at:
https://developer.apple.com/icloud/documentation/data-storage/
To disable web storage backup to iCloud, set the BackupWebStorage preference to "local" in the Cordova config.xml file

2015-06-21 19:08:17.465 Quran Tools[49515:523244] [CDVTimer][statusbar] 35.407007ms
2015-06-21 19:08:17.466 Quran Tools[49515:523244] [CDVTimer][TotalPluginStartup] 36.099017ms
2015-06-21 19:08:17.636 Quran Tools[49515:523244] Resetting plugins due to page load.
2015-06-21 19:08:17.700 Quran Tools[49515:523244] Finished load of: file:///Users/kurtulus/Library/Developer/CoreSimulator/Devices/5C2B4B67-E277-4D89-AF1E-BD00949B519D/data/Containers/Bundle/Application/04AC9F76-B572-4FB5-88B9-6B2BE6B82B34/Quran%20Tools.app/www/index.html
2015-06-21 19:08:17.759 Quran Tools[49515:523244] Resetting plugins due to page load.
2015-06-21 19:08:19.228 Quran Tools[49515:523244] Finished load of: file:///Users/kurtulus/Library/Developer/CoreSimulator/Devices/5C2B4B67-E277-4D89-AF1E-BD00949B519D/data/Containers/Bundle/Application/04AC9F76-B572-4FB5-88B9-6B2BE6B82B34/Quran%20Tools.app/www/m/www/index.html#/
2015-06-21 19:17:07.176 Quran Tools[50189:529186] Apache Cordova native platform version 3.8.0 is starting.
2015-06-21 19:17:07.182 Quran Tools[50189:529186] Multi-tasking -> Device: YES, App: YES
2015-06-21 19:17:07.186 Quran Tools[50189:529186] Unlimited access to network resources
2015-06-21 19:17:07.197 Quran Tools[50189:529186] 

Started backup to iCloud! Please be careful.
Your application might be rejected by Apple if you store too much data.
For more information please read "iOS Data Storage Guidelines" at:
https://developer.apple.com/icloud/documentation/data-storage/
To disable web storage backup to iCloud, set the BackupWebStorage preference to "local" in the Cordova config.xml file

2015-06-21 19:17:07.358 Quran Tools[50189:529186] [CDVTimer][statusbar] 30.234039ms
2015-06-21 19:17:07.359 Quran Tools[50189:529186] [CDVTimer][TotalPluginStartup] 30.668020ms
2015-06-21 19:17:07.552 Quran Tools[50189:529186] Resetting plugins due to page load.
2015-06-21 19:17:10.228 Quran Tools[50189:529186] Finished load of: file:///Users/kurtulus/Library/Developer/CoreSimulator/Devices/5C2B4B67-E277-4D89-AF1E-BD00949B519D/data/Containers/Bundle/Application/673B7DC4-2ADE-47FF-A393-6F1714C9824F/Quran%20Tools.app/www/m/www/index.html#/
2015-06-21 19:24:40.166 Quran Tools[51123:534895] Apache Cordova native platform version 3.8.0 is starting.
2015-06-21 19:24:40.168 Quran Tools[51123:534895] Multi-tasking -> Device: YES, App: YES
2015-06-21 19:24:40.172 Quran Tools[51123:534895] Unlimited access to network resources
2015-06-21 19:24:40.177 Quran Tools[51123:534895] 

Started backup to iCloud! Please be careful.
Your application might be rejected by Apple if you store too much data.
For more information please read "iOS Data Storage Guidelines" at:
https://developer.apple.com/icloud/documentation/data-storage/
To disable web storage backup to iCloud, set the BackupWebStorage preference to "local" in the Cordova config.xml file

2015-06-21 19:24:40.387 Quran Tools[51123:534895] [CDVTimer][statusbar] 46.019018ms
2015-06-21 19:24:40.387 Quran Tools[51123:534895] [CDVTimer][TotalPluginStartup] 46.332002ms
2015-06-21 19:24:40.788 Quran Tools[51123:534895] Resetting plugins due to page load.
2015-06-21 19:24:42.660 Quran Tools[51123:534895] Finished load of: file:///Users/kurtulus/Library/Developer/CoreSimulator/Devices/5C2B4B67-E277-4D89-AF1E-BD00949B519D/data/Containers/Bundle/Application/F9BD089D-1F03-433E-8F9E-3934836C4237/Quran%20Tools.app/www/m/www/index.html#/
2015-06-21 23:09:24.452 Quran Tools[51123:570369] Terminating since there is no system app.
